2025-11-07 14:12:44,207 - utils.logging - INFO - setup_logging:74 - {"log_file": "logs/app.log", "log_level": "INFO", "event": "Logging system initialized", "logger": "utils.logging", "level": "info", "timestamp": "2025-11-07T12:12:44.207223Z"}
2025-11-07 14:12:44,318 - core.application - ERROR - _initialize_services:71 - {"event": "Failed to initialize services: no running event loop", "logger": "core.application", "level": "error", "timestamp": "2025-11-07T12:12:44.318671Z"}
2025-11-07 14:13:17,888 - utils.logging - INFO - setup_logging:74 - {"log_file": "logs/app.log", "log_level": "INFO", "event": "Logging system initialized", "logger": "utils.logging", "level": "info", "timestamp": "2025-11-07T12:13:17.888084Z"}
2025-11-07 14:13:17,925 - database_service - ERROR - initialize:67 - {"event": "Failed to initialize database: 'DatabaseConfig' object has no attribute 'path'", "logger": "database_service", "level": "error", "timestamp": "2025-11-07T12:13:17.925036Z"}
2025-11-07 14:13:17,944 - session_service - INFO - __init__:41 - {"event": "Session service initialized", "logger": "session_service", "level": "info", "timestamp": "2025-11-07T12:13:17.944792Z"}
2025-11-07 14:13:17,945 - core.application - INFO - _initialize_services:70 - {"event": "All services initialized successfully", "logger": "core.application", "level": "info", "timestamp": "2025-11-07T12:13:17.945250Z"}
2025-11-07 14:14:06,207 - utils.logging - INFO - setup_logging:74 - {"log_file": "logs/app.log", "log_level": "INFO", "event": "Logging system initialized", "logger": "utils.logging", "level": "info", "timestamp": "2025-11-07T12:14:06.207840Z"}
2025-11-07 14:14:06,262 - database_service - ERROR - initialize:67 - {"event": "Failed to initialize database: The asyncio extension requires an async driver to be used. The loaded 'pysqlite' is not async.", "logger": "database_service", "level": "error", "timestamp": "2025-11-07T12:14:06.262267Z"}
2025-11-07 14:14:06,273 - session_service - INFO - __init__:41 - {"event": "Session service initialized", "logger": "session_service", "level": "info", "timestamp": "2025-11-07T12:14:06.273487Z"}
2025-11-07 14:14:06,274 - core.application - INFO - _initialize_services:70 - {"event": "All services initialized successfully", "logger": "core.application", "level": "info", "timestamp": "2025-11-07T12:14:06.274034Z"}
2025-11-07 14:22:59,631 - utils.logging - INFO - setup_logging:74 - {"log_file": "logs/app.log", "log_level": "INFO", "event": "Logging system initialized", "logger": "utils.logging", "level": "info", "timestamp": "2025-11-07T12:22:59.631805Z"}
2025-11-07 14:22:59,703 - database_service - ERROR - initialize:67 - {"event": "Failed to initialize database: The asyncio extension requires an async driver to be used. The loaded 'pysqlite' is not async.", "logger": "database_service", "level": "error", "timestamp": "2025-11-07T12:22:59.703447Z"}
2025-11-07 14:22:59,708 - session_service - INFO - __init__:41 - {"event": "Session service initialized", "logger": "session_service", "level": "info", "timestamp": "2025-11-07T12:22:59.708430Z"}
2025-11-07 14:22:59,708 - core.application - INFO - _initialize_services:70 - {"event": "All services initialized successfully", "logger": "core.application", "level": "info", "timestamp": "2025-11-07T12:22:59.708863Z"}
2025-11-07 14:23:39,296 - utils.logging - INFO - setup_logging:74 - {"log_file": "logs/app.log", "log_level": "INFO", "event": "Logging system initialized", "logger": "utils.logging", "level": "info", "timestamp": "2025-11-07T12:23:39.296031Z"}
2025-11-07 14:23:39,345 - database_service - ERROR - initialize:67 - {"event": "Failed to initialize database: The asyncio extension requires an async driver to be used. The loaded 'pysqlite' is not async.", "logger": "database_service", "level": "error", "timestamp": "2025-11-07T12:23:39.345464Z"}
2025-11-07 14:23:39,367 - session_service - INFO - __init__:41 - {"event": "Session service initialized", "logger": "session_service", "level": "info", "timestamp": "2025-11-07T12:23:39.367176Z"}
2025-11-07 14:23:39,367 - core.application - INFO - _initialize_services:72 - {"event": "All services initialized successfully", "logger": "core.application", "level": "info", "timestamp": "2025-11-07T12:23:39.367605Z"}
2025-11-07 14:24:03,392 - utils.logging - INFO - setup_logging:74 - {"log_file": "logs/app.log", "log_level": "INFO", "event": "Logging system initialized", "logger": "utils.logging", "level": "info", "timestamp": "2025-11-07T12:24:03.392476Z"}
2025-11-07 14:24:03,430 - database_service - ERROR - initialize:67 - {"event": "Failed to initialize database: The asyncio extension requires an async driver to be used. The loaded 'pysqlite' is not async.", "logger": "database_service", "level": "error", "timestamp": "2025-11-07T12:24:03.430923Z"}
2025-11-07 14:24:03,449 - session_service - INFO - __init__:41 - {"event": "Session service initialized", "logger": "session_service", "level": "info", "timestamp": "2025-11-07T12:24:03.449907Z"}
2025-11-07 14:24:03,450 - core.application - INFO - _initialize_services:72 - {"event": "All services initialized successfully", "logger": "core.application", "level": "info", "timestamp": "2025-11-07T12:24:03.450240Z"}
2025-11-07 14:25:17,642 - utils.logging - INFO - setup_logging:74 - {"log_file": "logs/app.log", "log_level": "INFO", "event": "Logging system initialized", "logger": "utils.logging", "level": "info", "timestamp": "2025-11-07T12:25:17.642472Z"}
2025-11-07 14:25:17,701 - database_service - ERROR - initialize:67 - {"event": "Failed to initialize database: The asyncio extension requires an async driver to be used. The loaded 'pysqlite' is not async.", "logger": "database_service", "level": "error", "timestamp": "2025-11-07T12:25:17.701652Z"}
2025-11-07 14:25:17,715 - session_service - INFO - __init__:41 - {"event": "Session service initialized", "logger": "session_service", "level": "info", "timestamp": "2025-11-07T12:25:17.715564Z"}
2025-11-07 14:25:17,716 - core.application - INFO - _initialize_services:72 - {"event": "All services initialized successfully", "logger": "core.application", "level": "info", "timestamp": "2025-11-07T12:25:17.716072Z"}
2025-11-07 14:25:17,734 - session_manager - INFO - __init__:56 - {"event": "Session manager initialized", "logger": "session_manager", "level": "info", "timestamp": "2025-11-07T12:25:17.734748Z"}
2025-11-07 14:26:20,394 - utils.logging - INFO - setup_logging:74 - {"log_file": "logs/app.log", "log_level": "INFO", "event": "Logging system initialized", "logger": "utils.logging", "level": "info", "timestamp": "2025-11-07T12:26:20.394493Z"}
2025-11-07 14:26:20,465 - database_service - ERROR - initialize:67 - {"event": "Failed to initialize database: The asyncio extension requires an async driver to be used. The loaded 'pysqlite' is not async.", "logger": "database_service", "level": "error", "timestamp": "2025-11-07T12:26:20.465729Z"}
2025-11-07 14:26:20,468 - session_service - INFO - __init__:41 - {"event": "Session service initialized", "logger": "session_service", "level": "info", "timestamp": "2025-11-07T12:26:20.468821Z"}
2025-11-07 14:26:20,469 - core.application - INFO - _initialize_services:72 - {"event": "All services initialized successfully", "logger": "core.application", "level": "info", "timestamp": "2025-11-07T12:26:20.469161Z"}
2025-11-07 14:26:20,478 - session_manager - INFO - __init__:56 - {"event": "Session manager initialized", "logger": "session_manager", "level": "info", "timestamp": "2025-11-07T12:26:20.478690Z"}
2025-11-07 14:27:53,182 - utils.logging - INFO - setup_logging:74 - {"log_file": "logs/app.log", "log_level": "INFO", "event": "Logging system initialized", "logger": "utils.logging", "level": "info", "timestamp": "2025-11-07T12:27:53.182333Z"}
2025-11-07 14:27:53,217 - database_service - ERROR - initialize:67 - {"event": "Failed to initialize database: The asyncio extension requires an async driver to be used. The loaded 'pysqlite' is not async.", "logger": "database_service", "level": "error", "timestamp": "2025-11-07T12:27:53.217318Z"}
2025-11-07 14:27:53,229 - session_service - INFO - __init__:41 - {"event": "Session service initialized", "logger": "session_service", "level": "info", "timestamp": "2025-11-07T12:27:53.229183Z"}
2025-11-07 14:27:53,229 - core.application - INFO - _initialize_services:73 - {"event": "All services initialized successfully", "logger": "core.application", "level": "info", "timestamp": "2025-11-07T12:27:53.229654Z"}
2025-11-07 14:27:53,239 - session_manager - INFO - __init__:56 - {"event": "Session manager initialized", "logger": "session_manager", "level": "info", "timestamp": "2025-11-07T12:27:53.238964Z"}
2025-11-07 14:28:35,008 - utils.logging - INFO - setup_logging:74 - {"log_file": "logs/app.log", "log_level": "INFO", "event": "Logging system initialized", "logger": "utils.logging", "level": "info", "timestamp": "2025-11-07T12:28:35.008635Z"}
2025-11-07 14:28:35,052 - database_service - ERROR - initialize:67 - {"event": "Failed to initialize database: The asyncio extension requires an async driver to be used. The loaded 'pysqlite' is not async.", "logger": "database_service", "level": "error", "timestamp": "2025-11-07T12:28:35.052779Z"}
2025-11-07 14:28:35,060 - session_service - INFO - __init__:41 - {"event": "Session service initialized", "logger": "session_service", "level": "info", "timestamp": "2025-11-07T12:28:35.059957Z"}
2025-11-07 14:28:35,060 - core.application - INFO - _initialize_services:78 - {"event": "All services initialized successfully", "logger": "core.application", "level": "info", "timestamp": "2025-11-07T12:28:35.060460Z"}
2025-11-07 14:28:35,082 - session_manager - INFO - __init__:56 - {"event": "Session manager initialized", "logger": "session_manager", "level": "info", "timestamp": "2025-11-07T12:28:35.082701Z"}
2025-11-07 14:28:35,096 - terminal_widget - INFO - __init__:49 - {"event": "Terminal widget initialized", "logger": "terminal_widget", "level": "info", "timestamp": "2025-11-07T12:28:35.096438Z"}
2025-11-07 14:29:25,500 - utils.logging - INFO - setup_logging:74 - {"log_file": "logs/app.log", "log_level": "INFO", "event": "Logging system initialized", "logger": "utils.logging", "level": "info", "timestamp": "2025-11-07T12:29:25.500830Z"}
2025-11-07 14:29:25,540 - database_service - ERROR - initialize:67 - {"event": "Failed to initialize database: The asyncio extension requires an async driver to be used. The loaded 'pysqlite' is not async.", "logger": "database_service", "level": "error", "timestamp": "2025-11-07T12:29:25.539945Z"}
2025-11-07 14:29:25,549 - session_service - INFO - __init__:41 - {"event": "Session service initialized", "logger": "session_service", "level": "info", "timestamp": "2025-11-07T12:29:25.549013Z"}
2025-11-07 14:29:25,549 - core.application - INFO - _initialize_services:78 - {"event": "All services initialized successfully", "logger": "core.application", "level": "info", "timestamp": "2025-11-07T12:29:25.549650Z"}
2025-11-07 14:29:25,569 - session_manager - INFO - __init__:56 - {"event": "Session manager initialized", "logger": "session_manager", "level": "info", "timestamp": "2025-11-07T12:29:25.569456Z"}
2025-11-07 14:29:25,578 - terminal_widget - INFO - __init__:49 - {"event": "Terminal widget initialized", "logger": "terminal_widget", "level": "info", "timestamp": "2025-11-07T12:29:25.578626Z"}
2025-11-07 14:29:25,594 - chat_widget - INFO - __init__:130 - {"event": "Chat widget initialized", "logger": "chat_widget", "level": "info", "timestamp": "2025-11-07T12:29:25.594453Z"}
2025-11-07 14:29:25,619 - status_bar - INFO - __init__:53 - {"event": "Status bar initialized", "logger": "status_bar", "level": "info", "timestamp": "2025-11-07T12:29:25.619860Z"}
2025-11-07 14:29:58,146 - utils.logging - INFO - setup_logging:74 - {"log_file": "logs/app.log", "log_level": "INFO", "event": "Logging system initialized", "logger": "utils.logging", "level": "info", "timestamp": "2025-11-07T12:29:58.146776Z"}
2025-11-07 14:29:58,211 - database_service - ERROR - initialize:67 - {"event": "Failed to initialize database: The asyncio extension requires an async driver to be used. The loaded 'pysqlite' is not async.", "logger": "database_service", "level": "error", "timestamp": "2025-11-07T12:29:58.211438Z"}
2025-11-07 14:29:58,224 - session_service - INFO - __init__:41 - {"event": "Session service initialized", "logger": "session_service", "level": "info", "timestamp": "2025-11-07T12:29:58.224813Z"}
2025-11-07 14:29:58,225 - core.application - INFO - _initialize_services:78 - {"event": "All services initialized successfully", "logger": "core.application", "level": "info", "timestamp": "2025-11-07T12:29:58.225299Z"}
2025-11-07 14:29:58,235 - session_manager - INFO - __init__:56 - {"event": "Session manager initialized", "logger": "session_manager", "level": "info", "timestamp": "2025-11-07T12:29:58.235699Z"}
2025-11-07 14:29:58,242 - terminal_widget - INFO - __init__:49 - {"event": "Terminal widget initialized", "logger": "terminal_widget", "level": "info", "timestamp": "2025-11-07T12:29:58.242745Z"}
2025-11-07 14:29:58,255 - chat_widget - INFO - __init__:130 - {"event": "Chat widget initialized", "logger": "chat_widget", "level": "info", "timestamp": "2025-11-07T12:29:58.255319Z"}
2025-11-07 14:29:58,274 - status_bar - INFO - __init__:53 - {"event": "Status bar initialized", "logger": "status_bar", "level": "info", "timestamp": "2025-11-07T12:29:58.274412Z"}
2025-11-07 14:30:24,264 - utils.logging - INFO - setup_logging:74 - {"log_file": "logs/app.log", "log_level": "INFO", "event": "Logging system initialized", "logger": "utils.logging", "level": "info", "timestamp": "2025-11-07T12:30:24.264214Z"}
2025-11-07 14:30:24,319 - database_service - ERROR - initialize:67 - {"event": "Failed to initialize database: The asyncio extension requires an async driver to be used. The loaded 'pysqlite' is not async.", "logger": "database_service", "level": "error", "timestamp": "2025-11-07T12:30:24.318851Z"}
2025-11-07 14:30:24,334 - session_service - INFO - __init__:41 - {"event": "Session service initialized", "logger": "session_service", "level": "info", "timestamp": "2025-11-07T12:30:24.334391Z"}
2025-11-07 14:30:24,335 - core.application - INFO - _initialize_services:78 - {"event": "All services initialized successfully", "logger": "core.application", "level": "info", "timestamp": "2025-11-07T12:30:24.335019Z"}
2025-11-07 14:30:24,346 - session_manager - INFO - __init__:56 - {"event": "Session manager initialized", "logger": "session_manager", "level": "info", "timestamp": "2025-11-07T12:30:24.346274Z"}
2025-11-07 14:30:24,359 - terminal_widget - INFO - __init__:49 - {"event": "Terminal widget initialized", "logger": "terminal_widget", "level": "info", "timestamp": "2025-11-07T12:30:24.359212Z"}
2025-11-07 14:30:24,373 - chat_widget - INFO - __init__:130 - {"event": "Chat widget initialized", "logger": "chat_widget", "level": "info", "timestamp": "2025-11-07T12:30:24.373258Z"}
2025-11-07 14:30:24,401 - status_bar - INFO - __init__:53 - {"event": "Status bar initialized", "logger": "status_bar", "level": "info", "timestamp": "2025-11-07T12:30:24.401860Z"}
2025-11-07 14:30:24,410 - main_window - INFO - __init__:58 - {"event": "Main window initialized", "logger": "main_window", "level": "info", "timestamp": "2025-11-07T12:30:24.410500Z"}
2025-11-07 14:31:48,772 - utils.logging - INFO - setup_logging:74 - {"log_file": "logs/app.log", "log_level": "INFO", "event": "Logging system initialized", "logger": "utils.logging", "level": "info", "timestamp": "2025-11-07T12:31:48.772527Z"}
2025-11-07 14:31:48,849 - database_service - ERROR - initialize:67 - {"event": "Failed to initialize database: The asyncio extension requires an async driver to be used. The loaded 'pysqlite' is not async.", "logger": "database_service", "level": "error", "timestamp": "2025-11-07T12:31:48.849275Z"}
2025-11-07 14:31:48,858 - session_service - INFO - __init__:41 - {"event": "Session service initialized", "logger": "session_service", "level": "info", "timestamp": "2025-11-07T12:31:48.858928Z"}
2025-11-07 14:31:48,859 - core.application - INFO - _initialize_services:78 - {"event": "All services initialized successfully", "logger": "core.application", "level": "info", "timestamp": "2025-11-07T12:31:48.859157Z"}
2025-11-07 14:31:48,877 - session_manager - INFO - __init__:56 - {"event": "Session manager initialized", "logger": "session_manager", "level": "info", "timestamp": "2025-11-07T12:31:48.877380Z"}
2025-11-07 14:31:48,886 - terminal_widget - INFO - __init__:49 - {"event": "Terminal widget initialized", "logger": "terminal_widget", "level": "info", "timestamp": "2025-11-07T12:31:48.885951Z"}
2025-11-07 14:31:48,892 - chat_widget - INFO - __init__:130 - {"event": "Chat widget initialized", "logger": "chat_widget", "level": "info", "timestamp": "2025-11-07T12:31:48.892390Z"}
2025-11-07 14:31:48,910 - status_bar - INFO - __init__:53 - {"event": "Status bar initialized", "logger": "status_bar", "level": "info", "timestamp": "2025-11-07T12:31:48.910560Z"}
2025-11-07 14:31:48,913 - main_window - INFO - __init__:64 - {"event": "Main window initialized", "logger": "main_window", "level": "info", "timestamp": "2025-11-07T12:31:48.913277Z"}
2025-11-07 14:32:28,506 - utils.logging - INFO - setup_logging:74 - {"log_file": "logs/app.log", "log_level": "INFO", "event": "Logging system initialized", "logger": "utils.logging", "level": "info", "timestamp": "2025-11-07T12:32:28.506420Z"}
2025-11-07 14:32:28,547 - database_service - ERROR - initialize:67 - {"event": "Failed to initialize database: The asyncio extension requires an async driver to be used. The loaded 'pysqlite' is not async.", "logger": "database_service", "level": "error", "timestamp": "2025-11-07T12:32:28.547905Z"}
2025-11-07 14:32:28,551 - session_service - INFO - __init__:41 - {"event": "Session service initialized", "logger": "session_service", "level": "info", "timestamp": "2025-11-07T12:32:28.551009Z"}
2025-11-07 14:32:28,551 - core.application - INFO - _initialize_services:78 - {"event": "All services initialized successfully", "logger": "core.application", "level": "info", "timestamp": "2025-11-07T12:32:28.551201Z"}
2025-11-07 14:32:28,566 - session_manager - INFO - __init__:56 - {"event": "Session manager initialized", "logger": "session_manager", "level": "info", "timestamp": "2025-11-07T12:32:28.566184Z"}
2025-11-07 14:32:28,582 - terminal_widget - INFO - __init__:49 - {"event": "Terminal widget initialized", "logger": "terminal_widget", "level": "info", "timestamp": "2025-11-07T12:32:28.582908Z"}
2025-11-07 14:32:28,596 - chat_widget - INFO - __init__:130 - {"event": "Chat widget initialized", "logger": "chat_widget", "level": "info", "timestamp": "2025-11-07T12:32:28.596747Z"}
2025-11-07 14:32:28,613 - status_bar - INFO - __init__:53 - {"event": "Status bar initialized", "logger": "status_bar", "level": "info", "timestamp": "2025-11-07T12:32:28.613845Z"}
2025-11-07 14:32:28,619 - main_window - INFO - __init__:64 - {"event": "Main window initialized", "logger": "main_window", "level": "info", "timestamp": "2025-11-07T12:32:28.619360Z"}
2025-11-07 14:33:00,705 - utils.logging - INFO - setup_logging:74 - {"log_file": "logs/app.log", "log_level": "INFO", "event": "Logging system initialized", "logger": "utils.logging", "level": "info", "timestamp": "2025-11-07T12:33:00.705735Z"}
2025-11-07 14:33:00,744 - database_service - ERROR - initialize:67 - {"event": "Failed to initialize database: The asyncio extension requires an async driver to be used. The loaded 'pysqlite' is not async.", "logger": "database_service", "level": "error", "timestamp": "2025-11-07T12:33:00.744098Z"}
2025-11-07 14:33:00,761 - session_service - INFO - __init__:41 - {"event": "Session service initialized", "logger": "session_service", "level": "info", "timestamp": "2025-11-07T12:33:00.761147Z"}
2025-11-07 14:33:00,761 - core.application - INFO - _initialize_services:78 - {"event": "All services initialized successfully", "logger": "core.application", "level": "info", "timestamp": "2025-11-07T12:33:00.761380Z"}
2025-11-07 14:33:00,771 - session_manager - INFO - __init__:56 - {"event": "Session manager initialized", "logger": "session_manager", "level": "info", "timestamp": "2025-11-07T12:33:00.771235Z"}
2025-11-07 14:33:00,777 - terminal_widget - INFO - __init__:49 - {"event": "Terminal widget initialized", "logger": "terminal_widget", "level": "info", "timestamp": "2025-11-07T12:33:00.777218Z"}
2025-11-07 14:33:00,783 - chat_widget - INFO - __init__:130 - {"event": "Chat widget initialized", "logger": "chat_widget", "level": "info", "timestamp": "2025-11-07T12:33:00.783383Z"}
2025-11-07 14:33:00,791 - status_bar - INFO - __init__:53 - {"event": "Status bar initialized", "logger": "status_bar", "level": "info", "timestamp": "2025-11-07T12:33:00.791662Z"}
2025-11-07 14:33:00,793 - main_window - INFO - __init__:64 - {"event": "Main window initialized", "logger": "main_window", "level": "info", "timestamp": "2025-11-07T12:33:00.793519Z"}
2025-11-07 14:33:00,803 - core.application - INFO - __init__:61 - {"event": "NetworkSwitch AI Assistant initialized successfully", "logger": "core.application", "level": "info", "timestamp": "2025-11-07T12:33:00.803513Z"}
2025-11-07 14:33:51,187 - utils.logging - INFO - setup_logging:74 - {"log_file": "logs/app.log", "log_level": "INFO", "event": "Logging system initialized", "logger": "utils.logging", "level": "info", "timestamp": "2025-11-07T12:33:51.187783Z"}
2025-11-07 14:33:51,230 - database_service - ERROR - initialize:67 - {"event": "Failed to initialize database: The asyncio extension requires an async driver to be used. The loaded 'pysqlite' is not async.", "logger": "database_service", "level": "error", "timestamp": "2025-11-07T12:33:51.230261Z"}
2025-11-07 14:33:51,244 - session_service - INFO - __init__:41 - {"event": "Session service initialized", "logger": "session_service", "level": "info", "timestamp": "2025-11-07T12:33:51.244448Z"}
2025-11-07 14:33:51,245 - core.application - INFO - _initialize_services:78 - {"event": "All services initialized successfully", "logger": "core.application", "level": "info", "timestamp": "2025-11-07T12:33:51.245072Z"}
2025-11-07 14:33:51,286 - session_manager - INFO - __init__:56 - {"event": "Session manager initialized", "logger": "session_manager", "level": "info", "timestamp": "2025-11-07T12:33:51.286872Z"}
2025-11-07 14:33:51,299 - terminal_widget - INFO - __init__:49 - {"event": "Terminal widget initialized", "logger": "terminal_widget", "level": "info", "timestamp": "2025-11-07T12:33:51.299110Z"}
2025-11-07 14:33:51,307 - chat_widget - INFO - __init__:130 - {"event": "Chat widget initialized", "logger": "chat_widget", "level": "info", "timestamp": "2025-11-07T12:33:51.307074Z"}
2025-11-07 14:33:51,323 - status_bar - INFO - __init__:53 - {"event": "Status bar initialized", "logger": "status_bar", "level": "info", "timestamp": "2025-11-07T12:33:51.323570Z"}
2025-11-07 14:33:51,327 - main_window - INFO - __init__:64 - {"event": "Main window initialized", "logger": "main_window", "level": "info", "timestamp": "2025-11-07T12:33:51.327680Z"}
2025-11-07 14:33:51,339 - core.application - INFO - __init__:61 - {"event": "NetworkSwitch AI Assistant initialized successfully", "logger": "core.application", "level": "info", "timestamp": "2025-11-07T12:33:51.339232Z"}
2025-11-07 14:34:56,743 - core.application - INFO - closeEvent:267 - {"event": "Application closing...", "logger": "core.application", "level": "info", "timestamp": "2025-11-07T12:34:56.743209Z"}
2025-11-07 14:34:56,746 - core.application - INFO - closeEvent:277 - {"event": "Application closed successfully", "logger": "core.application", "level": "info", "timestamp": "2025-11-07T12:34:56.746129Z"}
2025-11-07 14:35:50,151 - core.application - INFO - closeEvent:267 - {"event": "Application closing...", "logger": "core.application", "level": "info", "timestamp": "2025-11-07T12:35:50.151216Z"}
2025-11-07 14:35:50,154 - core.application - INFO - closeEvent:277 - {"event": "Application closed successfully", "logger": "core.application", "level": "info", "timestamp": "2025-11-07T12:35:50.154464Z"}
2025-11-07 14:37:00,042 - utils.logging - INFO - setup_logging:74 - {"log_file": "logs/app.log", "log_level": "INFO", "event": "Logging system initialized", "logger": "utils.logging", "level": "info", "timestamp": "2025-11-07T12:37:00.042531Z"}
2025-11-07 14:37:00,083 - database_service - ERROR - initialize:67 - {"event": "Failed to initialize database: The asyncio extension requires an async driver to be used. The loaded 'pysqlite' is not async.", "logger": "database_service", "level": "error", "timestamp": "2025-11-07T12:37:00.083586Z"}
2025-11-07 14:37:00,099 - session_service - INFO - __init__:41 - {"event": "Session service initialized", "logger": "session_service", "level": "info", "timestamp": "2025-11-07T12:37:00.099472Z"}
2025-11-07 14:37:00,099 - core.application - INFO - _initialize_services:80 - {"event": "All services initialized successfully", "logger": "core.application", "level": "info", "timestamp": "2025-11-07T12:37:00.099923Z"}
2025-11-07 14:37:00,140 - session_manager - INFO - __init__:56 - {"event": "Session manager initialized", "logger": "session_manager", "level": "info", "timestamp": "2025-11-07T12:37:00.140395Z"}
2025-11-07 14:37:00,148 - terminal_widget - INFO - __init__:49 - {"event": "Terminal widget initialized", "logger": "terminal_widget", "level": "info", "timestamp": "2025-11-07T12:37:00.148800Z"}
2025-11-07 14:37:00,156 - chat_widget - INFO - __init__:130 - {"event": "Chat widget initialized", "logger": "chat_widget", "level": "info", "timestamp": "2025-11-07T12:37:00.156506Z"}
2025-11-07 14:37:00,164 - status_bar - INFO - __init__:53 - {"event": "Status bar initialized", "logger": "status_bar", "level": "info", "timestamp": "2025-11-07T12:37:00.164340Z"}
2025-11-07 14:37:00,168 - main_window - INFO - __init__:64 - {"event": "Main window initialized", "logger": "main_window", "level": "info", "timestamp": "2025-11-07T12:37:00.168153Z"}
2025-11-07 14:37:00,179 - core.application - INFO - __init__:63 - {"event": "NetworkSwitch AI Assistant initialized successfully", "logger": "core.application", "level": "info", "timestamp": "2025-11-07T12:37:00.179360Z"}
2025-11-07 14:38:04,301 - core.application - INFO - closeEvent:269 - {"event": "Application closing...", "logger": "core.application", "level": "info", "timestamp": "2025-11-07T12:38:04.301799Z"}
2025-11-07 14:38:04,303 - core.application - INFO - closeEvent:279 - {"event": "Application closed successfully", "logger": "core.application", "level": "info", "timestamp": "2025-11-07T12:38:04.303350Z"}
2025-11-07 14:38:26,229 - utils.logging - INFO - setup_logging:74 - {"log_file": "logs/app.log", "log_level": "INFO", "event": "Logging system initialized", "logger": "utils.logging", "level": "info", "timestamp": "2025-11-07T12:38:26.229672Z"}
2025-11-07 14:38:26,265 - database_service - ERROR - initialize:70 - {"event": "Failed to initialize database: No module named 'aiosqlite'", "logger": "database_service", "level": "error", "timestamp": "2025-11-07T12:38:26.265629Z"}
2025-11-07 14:38:26,283 - session_service - INFO - __init__:41 - {"event": "Session service initialized", "logger": "session_service", "level": "info", "timestamp": "2025-11-07T12:38:26.283440Z"}
2025-11-07 14:38:26,283 - core.application - INFO - _initialize_services:80 - {"event": "All services initialized successfully", "logger": "core.application", "level": "info", "timestamp": "2025-11-07T12:38:26.283935Z"}
2025-11-07 14:38:26,309 - session_manager - INFO - __init__:56 - {"event": "Session manager initialized", "logger": "session_manager", "level": "info", "timestamp": "2025-11-07T12:38:26.309423Z"}
2025-11-07 14:38:26,319 - terminal_widget - INFO - __init__:49 - {"event": "Terminal widget initialized", "logger": "terminal_widget", "level": "info", "timestamp": "2025-11-07T12:38:26.319377Z"}
2025-11-07 14:38:26,327 - chat_widget - INFO - __init__:130 - {"event": "Chat widget initialized", "logger": "chat_widget", "level": "info", "timestamp": "2025-11-07T12:38:26.327276Z"}
2025-11-07 14:38:26,336 - status_bar - INFO - __init__:53 - {"event": "Status bar initialized", "logger": "status_bar", "level": "info", "timestamp": "2025-11-07T12:38:26.336728Z"}
2025-11-07 14:38:26,339 - main_window - INFO - __init__:64 - {"event": "Main window initialized", "logger": "main_window", "level": "info", "timestamp": "2025-11-07T12:38:26.339011Z"}
2025-11-07 14:38:26,353 - core.application - INFO - __init__:63 - {"event": "NetworkSwitch AI Assistant initialized successfully", "logger": "core.application", "level": "info", "timestamp": "2025-11-07T12:38:26.353420Z"}
2025-11-07 14:39:14,614 - core.application - INFO - closeEvent:269 - {"event": "Application closing...", "logger": "core.application", "level": "info", "timestamp": "2025-11-07T12:39:14.614504Z"}
2025-11-07 14:39:14,616 - core.application - INFO - closeEvent:279 - {"event": "Application closed successfully", "logger": "core.application", "level": "info", "timestamp": "2025-11-07T12:39:14.616378Z"}
2025-11-07 15:33:46,701 - utils.logging - INFO - setup_logging:74 - {"log_file": "logs/app.log", "log_level": "INFO", "event": "Logging system initialized", "logger": "utils.logging", "level": "info", "timestamp": "2025-11-07T13:33:46.701836Z"}
2025-11-07 15:33:46,747 - database_service - ERROR - initialize:70 - {"event": "Failed to initialize database: No module named 'aiosqlite'", "logger": "database_service", "level": "error", "timestamp": "2025-11-07T13:33:46.747187Z"}
2025-11-07 15:33:46,753 - session_service - INFO - __init__:41 - {"event": "Session service initialized", "logger": "session_service", "level": "info", "timestamp": "2025-11-07T13:33:46.753560Z"}
2025-11-07 15:33:46,753 - core.application - INFO - _initialize_services:80 - {"event": "All services initialized successfully", "logger": "core.application", "level": "info", "timestamp": "2025-11-07T13:33:46.753886Z"}
2025-11-07 15:33:46,774 - session_manager - INFO - __init__:56 - {"event": "Session manager initialized", "logger": "session_manager", "level": "info", "timestamp": "2025-11-07T13:33:46.773827Z"}
2025-11-07 15:33:46,782 - terminal_widget - INFO - __init__:49 - {"event": "Terminal widget initialized", "logger": "terminal_widget", "level": "info", "timestamp": "2025-11-07T13:33:46.782411Z"}
2025-11-07 15:33:46,788 - chat_widget - INFO - __init__:130 - {"event": "Chat widget initialized", "logger": "chat_widget", "level": "info", "timestamp": "2025-11-07T13:33:46.788922Z"}
2025-11-07 15:33:46,803 - status_bar - INFO - __init__:53 - {"event": "Status bar initialized", "logger": "status_bar", "level": "info", "timestamp": "2025-11-07T13:33:46.803240Z"}
2025-11-07 15:33:46,805 - main_window - INFO - __init__:64 - {"event": "Main window initialized", "logger": "main_window", "level": "info", "timestamp": "2025-11-07T13:33:46.804967Z"}
2025-11-07 15:33:46,820 - core.application - INFO - __init__:63 - {"event": "NetworkSwitch AI Assistant initialized successfully", "logger": "core.application", "level": "info", "timestamp": "2025-11-07T13:33:46.820023Z"}
2025-11-07 15:40:15,920 - utils.logging - INFO - setup_logging:74 - {"log_file": "logs/app.log", "log_level": "INFO", "event": "Logging system initialized", "logger": "utils.logging", "level": "info", "timestamp": "2025-11-07T13:40:15.920280Z"}
2025-11-07 15:40:15,997 - database_service - ERROR - initialize:70 - {"event": "Failed to initialize database: No module named 'aiosqlite'", "logger": "database_service", "level": "error", "timestamp": "2025-11-07T13:40:15.997174Z"}
2025-11-07 15:40:16,008 - session_service - INFO - __init__:41 - {"event": "Session service initialized", "logger": "session_service", "level": "info", "timestamp": "2025-11-07T13:40:16.008879Z"}
2025-11-07 15:40:16,009 - core.application - INFO - _initialize_services:80 - {"event": "All services initialized successfully", "logger": "core.application", "level": "info", "timestamp": "2025-11-07T13:40:16.009268Z"}
2025-11-07 15:40:16,054 - session_manager - INFO - __init__:56 - {"event": "Session manager initialized", "logger": "session_manager", "level": "info", "timestamp": "2025-11-07T13:40:16.054499Z"}
2025-11-07 15:40:16,066 - terminal_widget - INFO - __init__:49 - {"event": "Terminal widget initialized", "logger": "terminal_widget", "level": "info", "timestamp": "2025-11-07T13:40:16.066234Z"}
2025-11-07 15:40:16,074 - chat_widget - INFO - __init__:130 - {"event": "Chat widget initialized", "logger": "chat_widget", "level": "info", "timestamp": "2025-11-07T13:40:16.074203Z"}
2025-11-07 15:40:16,091 - status_bar - INFO - __init__:53 - {"event": "Status bar initialized", "logger": "status_bar", "level": "info", "timestamp": "2025-11-07T13:40:16.091683Z"}
2025-11-07 15:40:16,095 - main_window - INFO - __init__:64 - {"event": "Main window initialized", "logger": "main_window", "level": "info", "timestamp": "2025-11-07T13:40:16.095477Z"}
2025-11-07 15:40:16,108 - core.application - INFO - __init__:63 - {"event": "NetworkSwitch AI Assistant initialized successfully", "logger": "core.application", "level": "info", "timestamp": "2025-11-07T13:40:16.108523Z"}
2025-11-07 15:40:51,175 - core.application - INFO - closeEvent:269 - {"event": "Application closing...", "logger": "core.application", "level": "info", "timestamp": "2025-11-07T13:40:51.175688Z"}
2025-11-07 15:40:51,178 - core.application - INFO - closeEvent:279 - {"event": "Application closed successfully", "logger": "core.application", "level": "info", "timestamp": "2025-11-07T13:40:51.178388Z"}
