2025-11-08 09:18:30,185 - utils.logging - INFO - setup_logging:74 - {"log_file": "logs/app.log", "log_level": "INFO", "event": "Logging system initialized", "logger": "utils.logging", "level": "info", "timestamp": "2025-11-08T07:18:30.185567Z"}
2025-11-08 09:18:30,272 - database_service - INFO - initialize:62 - {"event": "Database initialized at sqlite:///network_switch_ai.db", "logger": "database_service", "level": "info", "timestamp": "2025-11-08T07:18:30.272600Z"}
2025-11-08 09:18:30,284 - session_service - INFO - __init__:82 - {"event": "Session service initialized", "logger": "session_service", "level": "info", "timestamp": "2025-11-08T07:18:30.284455Z"}
2025-11-08 09:18:30,284 - core.application - INFO - _initialize_services:90 - {"event": "All services initialized successfully", "logger": "core.application", "level": "info", "timestamp": "2025-11-08T07:18:30.284845Z"}
2025-11-08 09:18:30,345 - terminal_widget - INFO - __init__:49 - {"event": "Terminal widget initialized", "logger": "terminal_widget", "level": "info", "timestamp": "2025-11-08T07:18:30.345035Z"}
2025-11-08 09:18:30,353 - chat_widget - INFO - __init__:130 - {"event": "Chat widget initialized", "logger": "chat_widget", "level": "info", "timestamp": "2025-11-08T07:18:30.353873Z"}
2025-11-08 09:18:30,371 - status_bar - INFO - __init__:53 - {"event": "Status bar initialized", "logger": "status_bar", "level": "info", "timestamp": "2025-11-08T07:18:30.371482Z"}
2025-11-08 09:18:30,374 - main_window - INFO - __init__:67 - {"event": "Main window initialized", "logger": "main_window", "level": "info", "timestamp": "2025-11-08T07:18:30.374568Z"}
2025-11-08 09:18:30,384 - core.application - INFO - __init__:69 - {"event": "NetworkSwitch AI Assistant initialized successfully", "logger": "core.application", "level": "info", "timestamp": "2025-11-08T07:18:30.384377Z"}
2025-11-08 09:18:45,451 - core.application - INFO - _connect_device:180 - {"event": "Connecting to COM7 (h3c) at 9600 baud", "logger": "core.application", "level": "info", "timestamp": "2025-11-08T07:18:45.451835Z"}
2025-11-08 09:18:45,468 - session_service - INFO - create_session:133 - {"event": "Session created: 340ae8bb-c1c3-40a8-8207-8d335671b525", "logger": "session_service", "level": "info", "timestamp": "2025-11-08T07:18:45.468166Z"}
2025-11-08 09:18:45,468 - serial_connection_COM7 - INFO - connect:70 - {"event": "Connecting to COM7 at 9600 baud", "logger": "serial_connection_COM7", "level": "info", "timestamp": "2025-11-08T07:18:45.468542Z"}
2025-11-08 09:18:45,468 - serial_connection_COM7 - INFO - _apply_vendor_settings:140 - {"event": "Applied vendor settings for h3c", "logger": "serial_connection_COM7", "level": "info", "timestamp": "2025-11-08T07:18:45.468824Z"}
2025-11-08 09:18:45,531 - serial_connection_COM7 - INFO - connect:95 - {"event": "Successfully connected to COM7", "logger": "serial_connection_COM7", "level": "info", "timestamp": "2025-11-08T07:18:45.531657Z"}
2025-11-08 09:18:45,534 - status_bar - INFO - on_connection_status_changed:149 - {"event": "Connection established: Connected", "logger": "status_bar", "level": "info", "timestamp": "2025-11-08T07:18:45.534763Z"}
2025-11-08 09:18:45,535 - serial_service - INFO - connect_port:516 - {"event": "Connected to port COM7", "logger": "serial_service", "level": "info", "timestamp": "2025-11-08T07:18:45.535610Z"}
2025-11-08 09:18:45,548 - session_service - INFO - connect_session:161 - {"event": "Session connected: 340ae8bb-c1c3-40a8-8207-8d335671b525", "logger": "session_service", "level": "info", "timestamp": "2025-11-08T07:18:45.548140Z"}
2025-11-08 09:18:45,549 - status_bar - INFO - on_connection_status_changed:149 - {"event": "Connection established: Connected", "logger": "status_bar", "level": "info", "timestamp": "2025-11-08T07:18:45.549297Z"}
2025-11-08 09:18:45,549 - core.application - INFO - _connect_device:197 - {"event": "Successfully connected to COM7", "logger": "core.application", "level": "info", "timestamp": "2025-11-08T07:18:45.549614Z"}
2025-11-08 09:18:45,551 - status_bar - INFO - on_session_created:171 - {"event": "Session created: 340ae8bb-c1c3-40a8-8207-8d335671b525", "logger": "status_bar", "level": "info", "timestamp": "2025-11-08T07:18:45.551915Z"}
2025-11-08 09:18:50,072 - session_service - INFO - send_enter:288 - {"event": "Sent ENTER in session 340ae8bb-c1c3-40a8-8207-8d335671b525", "logger": "session_service", "level": "info", "timestamp": "2025-11-08T07:18:50.072791Z"}
2025-11-08 09:18:53,365 - core.application - INFO - _disconnect_device:221 - {"event": "Disconnecting from session 340ae8bb-c1c3-40a8-8207-8d335671b525", "logger": "core.application", "level": "info", "timestamp": "2025-11-08T07:18:53.365208Z"}
2025-11-08 09:18:53,365 - serial_connection_COM7 - INFO - disconnect:381 - {"event": "Disconnecting from COM7", "logger": "serial_connection_COM7", "level": "info", "timestamp": "2025-11-08T07:18:53.365552Z"}
2025-11-08 09:18:53,418 - serial_connection_COM7 - INFO - disconnect:394 - {"event": "Disconnected from COM7", "logger": "serial_connection_COM7", "level": "info", "timestamp": "2025-11-08T07:18:53.418355Z"}
2025-11-08 09:18:53,418 - status_bar - INFO - on_connection_status_changed:151 - {"event": "Connection status: Disconnected", "logger": "status_bar", "level": "info", "timestamp": "2025-11-08T07:18:53.418914Z"}
2025-11-08 09:18:53,419 - serial_service - INFO - disconnect_port:538 - {"event": "Disconnected from port COM7", "logger": "serial_service", "level": "info", "timestamp": "2025-11-08T07:18:53.419376Z"}
2025-11-08 09:18:53,433 - session_service - INFO - disconnect_session:205 - {"event": "Session disconnected: 340ae8bb-c1c3-40a8-8207-8d335671b525", "logger": "session_service", "level": "info", "timestamp": "2025-11-08T07:18:53.433432Z"}
2025-11-08 09:18:53,434 - status_bar - INFO - on_connection_status_changed:151 - {"event": "Connection status: Disconnected", "logger": "status_bar", "level": "info", "timestamp": "2025-11-08T07:18:53.434069Z"}
2025-11-08 09:18:53,434 - core.application - INFO - _disconnect_device:228 - {"event": "Successfully disconnected", "logger": "core.application", "level": "info", "timestamp": "2025-11-08T07:18:53.434473Z"}
2025-11-08 09:18:53,436 - status_bar - INFO - on_session_ended:179 - {"event": "Session ended: 340ae8bb-c1c3-40a8-8207-8d335671b525", "logger": "status_bar", "level": "info", "timestamp": "2025-11-08T07:18:53.436217Z"}
2025-11-08 09:18:56,158 - session_service - ERROR - send_enter:295 - {"event": "Send ENTER error for session 340ae8bb-c1c3-40a8-8207-8d335671b525: Session not connected: 340ae8bb-c1c3-40a8-8207-8d335671b525", "logger": "session_service", "level": "error", "timestamp": "2025-11-08T07:18:56.158917Z"}
2025-11-08 09:18:56,165 - status_bar - ERROR - on_error_occurred:195 - {"event": "Error occurred: Command Error - Session not connected: 340ae8bb-c1c3-40a8-8207-8d335671b525", "logger": "status_bar", "level": "error", "timestamp": "2025-11-08T07:18:56.165698Z"}
2025-11-08 09:18:56,166 - main_window - ERROR - on_error_occurred:552 - {"event": "Error occurred: Command Error - Session not connected: 340ae8bb-c1c3-40a8-8207-8d335671b525", "logger": "main_window", "level": "error", "timestamp": "2025-11-08T07:18:56.166124Z"}
2025-11-08 09:18:57,338 - main_window - ERROR - on_error_occurred:552 - {"event": "Error occurred: Command Error - Session not connected: 340ae8bb-c1c3-40a8-8207-8d335671b525", "logger": "main_window", "level": "error", "timestamp": "2025-11-08T07:18:57.338618Z"}
2025-11-08 09:18:59,371 - core.application - INFO - _connect_device:180 - {"event": "Connecting to COM7 (h3c) at 9600 baud", "logger": "core.application", "level": "info", "timestamp": "2025-11-08T07:18:59.371763Z"}
2025-11-08 09:18:59,389 - session_service - INFO - create_session:133 - {"event": "Session created: 23f9f3b3-dbcd-4aeb-a21b-5c76354c2b00", "logger": "session_service", "level": "info", "timestamp": "2025-11-08T07:18:59.389317Z"}
2025-11-08 09:18:59,389 - serial_connection_COM7 - INFO - connect:70 - {"event": "Connecting to COM7 at 9600 baud", "logger": "serial_connection_COM7", "level": "info", "timestamp": "2025-11-08T07:18:59.389738Z"}
2025-11-08 09:18:59,390 - serial_connection_COM7 - INFO - _apply_vendor_settings:140 - {"event": "Applied vendor settings for h3c", "logger": "serial_connection_COM7", "level": "info", "timestamp": "2025-11-08T07:18:59.390008Z"}
2025-11-08 09:18:59,452 - serial_connection_COM7 - INFO - connect:95 - {"event": "Successfully connected to COM7", "logger": "serial_connection_COM7", "level": "info", "timestamp": "2025-11-08T07:18:59.452775Z"}
2025-11-08 09:18:59,453 - status_bar - INFO - on_connection_status_changed:149 - {"event": "Connection established: Connected", "logger": "status_bar", "level": "info", "timestamp": "2025-11-08T07:18:59.453490Z"}
2025-11-08 09:18:59,454 - serial_service - INFO - connect_port:516 - {"event": "Connected to port COM7", "logger": "serial_service", "level": "info", "timestamp": "2025-11-08T07:18:59.454495Z"}
2025-11-08 09:18:59,469 - session_service - INFO - connect_session:161 - {"event": "Session connected: 23f9f3b3-dbcd-4aeb-a21b-5c76354c2b00", "logger": "session_service", "level": "info", "timestamp": "2025-11-08T07:18:59.469291Z"}
2025-11-08 09:18:59,470 - status_bar - INFO - on_connection_status_changed:149 - {"event": "Connection established: Connected", "logger": "status_bar", "level": "info", "timestamp": "2025-11-08T07:18:59.470025Z"}
2025-11-08 09:18:59,470 - core.application - INFO - _connect_device:197 - {"event": "Successfully connected to COM7", "logger": "core.application", "level": "info", "timestamp": "2025-11-08T07:18:59.470404Z"}
2025-11-08 09:18:59,471 - status_bar - INFO - on_session_created:171 - {"event": "Session created: 23f9f3b3-dbcd-4aeb-a21b-5c76354c2b00", "logger": "status_bar", "level": "info", "timestamp": "2025-11-08T07:18:59.471913Z"}
2025-11-08 09:19:01,852 - session_service - INFO - send_enter:288 - {"event": "Sent ENTER in session 23f9f3b3-dbcd-4aeb-a21b-5c76354c2b00", "logger": "session_service", "level": "info", "timestamp": "2025-11-08T07:19:01.852646Z"}
2025-11-08 09:19:03,260 - session_service - INFO - send_enter:288 - {"event": "Sent ENTER in session 23f9f3b3-dbcd-4aeb-a21b-5c76354c2b00", "logger": "session_service", "level": "info", "timestamp": "2025-11-08T07:19:03.260545Z"}
2025-11-08 09:19:04,188 - session_service - INFO - send_enter:288 - {"event": "Sent ENTER in session 23f9f3b3-dbcd-4aeb-a21b-5c76354c2b00", "logger": "session_service", "level": "info", "timestamp": "2025-11-08T07:19:04.188728Z"}
2025-11-08 09:19:06,546 - session_service - INFO - send_enter:288 - {"event": "Sent ENTER in session 23f9f3b3-dbcd-4aeb-a21b-5c76354c2b00", "logger": "session_service", "level": "info", "timestamp": "2025-11-08T07:19:06.546582Z"}
2025-11-08 09:19:06,960 - session_service - INFO - send_enter:288 - {"event": "Sent ENTER in session 23f9f3b3-dbcd-4aeb-a21b-5c76354c2b00", "logger": "session_service", "level": "info", "timestamp": "2025-11-08T07:19:06.960804Z"}
2025-11-08 09:19:08,553 - session_service - INFO - send_enter:288 - {"event": "Sent ENTER in session 23f9f3b3-dbcd-4aeb-a21b-5c76354c2b00", "logger": "session_service", "level": "info", "timestamp": "2025-11-08T07:19:08.553163Z"}
2025-11-08 09:19:08,688 - core.application - INFO - _execute_command:403 - {"event": "Executing command: #", "logger": "core.application", "level": "info", "timestamp": "2025-11-08T07:19:08.688088Z"}
2025-11-08 09:19:28,825 - core.application - INFO - _process_ai_query:424 - {"event": "Processing AI query: how do i view running config", "logger": "core.application", "level": "info", "timestamp": "2025-11-08T07:19:28.825728Z"}
2025-11-08 09:19:44,659 - core.application - INFO - _process_ai_query:424 - {"event": "Processing AI query: how do i view running config", "logger": "core.application", "level": "info", "timestamp": "2025-11-08T07:19:44.659233Z"}
2025-11-08 09:19:51,965 - core.application - INFO - _process_ai_query:424 - {"event": "Processing AI query: Execute command: display interface", "logger": "core.application", "level": "info", "timestamp": "2025-11-08T07:19:51.965808Z"}
2025-11-08 09:19:53,676 - core.application - INFO - _process_ai_query:424 - {"event": "Processing AI query: Execute command: display interface", "logger": "core.application", "level": "info", "timestamp": "2025-11-08T07:19:53.676778Z"}
2025-11-08 09:20:01,313 - core.application - INFO - _execute_command:403 - {"event": "Executing command: display interface", "logger": "core.application", "level": "info", "timestamp": "2025-11-08T07:20:01.313244Z"}
2025-11-08 09:20:01,353 - serial_connection_COM7 - ERROR - _read_loop:207 - {"event": "Buffer processing error: AssertionError()", "logger": "serial_connection_COM7", "level": "error", "timestamp": "2025-11-08T07:20:01.352980Z"}
2025-11-08 09:20:02,970 - session_service - INFO - send_enter:288 - {"event": "Sent ENTER in session 23f9f3b3-dbcd-4aeb-a21b-5c76354c2b00", "logger": "session_service", "level": "info", "timestamp": "2025-11-08T07:20:02.970772Z"}
2025-11-08 09:20:06,530 - session_service - INFO - send_enter:288 - {"event": "Sent ENTER in session 23f9f3b3-dbcd-4aeb-a21b-5c76354c2b00", "logger": "session_service", "level": "info", "timestamp": "2025-11-08T07:20:06.530952Z"}
2025-11-08 09:20:07,088 - session_service - INFO - send_enter:288 - {"event": "Sent ENTER in session 23f9f3b3-dbcd-4aeb-a21b-5c76354c2b00", "logger": "session_service", "level": "info", "timestamp": "2025-11-08T07:20:07.088704Z"}
2025-11-08 09:20:07,330 - session_service - INFO - send_enter:288 - {"event": "Sent ENTER in session 23f9f3b3-dbcd-4aeb-a21b-5c76354c2b00", "logger": "session_service", "level": "info", "timestamp": "2025-11-08T07:20:07.330623Z"}
2025-11-08 09:20:07,494 - session_service - INFO - send_enter:288 - {"event": "Sent ENTER in session 23f9f3b3-dbcd-4aeb-a21b-5c76354c2b00", "logger": "session_service", "level": "info", "timestamp": "2025-11-08T07:20:07.494591Z"}
2025-11-08 09:20:07,688 - session_service - INFO - send_enter:288 - {"event": "Sent ENTER in session 23f9f3b3-dbcd-4aeb-a21b-5c76354c2b00", "logger": "session_service", "level": "info", "timestamp": "2025-11-08T07:20:07.688679Z"}
2025-11-08 09:20:08,250 - session_service - INFO - send_enter:288 - {"event": "Sent ENTER in session 23f9f3b3-dbcd-4aeb-a21b-5c76354c2b00", "logger": "session_service", "level": "info", "timestamp": "2025-11-08T07:20:08.250742Z"}
2025-11-08 09:20:08,963 - session_service - INFO - send_enter:288 - {"event": "Sent ENTER in session 23f9f3b3-dbcd-4aeb-a21b-5c76354c2b00", "logger": "session_service", "level": "info", "timestamp": "2025-11-08T07:20:08.963844Z"}
2025-11-08 09:20:09,107 - session_service - INFO - send_enter:288 - {"event": "Sent ENTER in session 23f9f3b3-dbcd-4aeb-a21b-5c76354c2b00", "logger": "session_service", "level": "info", "timestamp": "2025-11-08T07:20:09.107465Z"}
2025-11-08 09:20:09,252 - session_service - INFO - send_enter:288 - {"event": "Sent ENTER in session 23f9f3b3-dbcd-4aeb-a21b-5c76354c2b00", "logger": "session_service", "level": "info", "timestamp": "2025-11-08T07:20:09.252274Z"}
2025-11-08 09:20:09,395 - session_service - INFO - send_enter:288 - {"event": "Sent ENTER in session 23f9f3b3-dbcd-4aeb-a21b-5c76354c2b00", "logger": "session_service", "level": "info", "timestamp": "2025-11-08T07:20:09.395716Z"}
2025-11-08 09:20:09,548 - session_service - INFO - send_enter:288 - {"event": "Sent ENTER in session 23f9f3b3-dbcd-4aeb-a21b-5c76354c2b00", "logger": "session_service", "level": "info", "timestamp": "2025-11-08T07:20:09.548890Z"}
2025-11-08 09:20:09,939 - session_service - INFO - send_enter:288 - {"event": "Sent ENTER in session 23f9f3b3-dbcd-4aeb-a21b-5c76354c2b00", "logger": "session_service", "level": "info", "timestamp": "2025-11-08T07:20:09.939898Z"}
2025-11-08 09:20:10,412 - session_service - INFO - send_enter:288 - {"event": "Sent ENTER in session 23f9f3b3-dbcd-4aeb-a21b-5c76354c2b00", "logger": "session_service", "level": "info", "timestamp": "2025-11-08T07:20:10.412151Z"}
2025-11-08 09:20:10,556 - session_service - INFO - send_enter:288 - {"event": "Sent ENTER in session 23f9f3b3-dbcd-4aeb-a21b-5c76354c2b00", "logger": "session_service", "level": "info", "timestamp": "2025-11-08T07:20:10.556552Z"}
2025-11-08 09:20:12,656 - session_service - INFO - send_enter:288 - {"event": "Sent ENTER in session 23f9f3b3-dbcd-4aeb-a21b-5c76354c2b00", "logger": "session_service", "level": "info", "timestamp": "2025-11-08T07:20:12.656520Z"}
2025-11-08 09:20:14,210 - session_service - INFO - send_enter:288 - {"event": "Sent ENTER in session 23f9f3b3-dbcd-4aeb-a21b-5c76354c2b00", "logger": "session_service", "level": "info", "timestamp": "2025-11-08T07:20:14.210921Z"}
2025-11-08 09:20:14,640 - session_service - INFO - send_enter:288 - {"event": "Sent ENTER in session 23f9f3b3-dbcd-4aeb-a21b-5c76354c2b00", "logger": "session_service", "level": "info", "timestamp": "2025-11-08T07:20:14.640657Z"}
2025-11-08 09:20:14,788 - session_service - INFO - send_enter:288 - {"event": "Sent ENTER in session 23f9f3b3-dbcd-4aeb-a21b-5c76354c2b00", "logger": "session_service", "level": "info", "timestamp": "2025-11-08T07:20:14.788615Z"}
2025-11-08 09:20:14,951 - session_service - INFO - send_enter:288 - {"event": "Sent ENTER in session 23f9f3b3-dbcd-4aeb-a21b-5c76354c2b00", "logger": "session_service", "level": "info", "timestamp": "2025-11-08T07:20:14.950997Z"}
2025-11-08 09:20:15,109 - session_service - INFO - send_enter:288 - {"event": "Sent ENTER in session 23f9f3b3-dbcd-4aeb-a21b-5c76354c2b00", "logger": "session_service", "level": "info", "timestamp": "2025-11-08T07:20:15.109086Z"}
2025-11-08 09:20:15,252 - session_service - INFO - send_enter:288 - {"event": "Sent ENTER in session 23f9f3b3-dbcd-4aeb-a21b-5c76354c2b00", "logger": "session_service", "level": "info", "timestamp": "2025-11-08T07:20:15.252716Z"}
2025-11-08 09:20:15,404 - session_service - INFO - send_enter:288 - {"event": "Sent ENTER in session 23f9f3b3-dbcd-4aeb-a21b-5c76354c2b00", "logger": "session_service", "level": "info", "timestamp": "2025-11-08T07:20:15.404852Z"}
2025-11-08 09:20:15,560 - session_service - INFO - send_enter:288 - {"event": "Sent ENTER in session 23f9f3b3-dbcd-4aeb-a21b-5c76354c2b00", "logger": "session_service", "level": "info", "timestamp": "2025-11-08T07:20:15.560828Z"}
2025-11-08 09:20:15,704 - session_service - INFO - send_enter:288 - {"event": "Sent ENTER in session 23f9f3b3-dbcd-4aeb-a21b-5c76354c2b00", "logger": "session_service", "level": "info", "timestamp": "2025-11-08T07:20:15.704940Z"}
2025-11-08 09:20:15,854 - session_service - INFO - send_enter:288 - {"event": "Sent ENTER in session 23f9f3b3-dbcd-4aeb-a21b-5c76354c2b00", "logger": "session_service", "level": "info", "timestamp": "2025-11-08T07:20:15.854120Z"}
2025-11-08 09:20:15,992 - session_service - INFO - send_enter:288 - {"event": "Sent ENTER in session 23f9f3b3-dbcd-4aeb-a21b-5c76354c2b00", "logger": "session_service", "level": "info", "timestamp": "2025-11-08T07:20:15.992930Z"}
2025-11-08 09:20:16,142 - session_service - INFO - send_enter:288 - {"event": "Sent ENTER in session 23f9f3b3-dbcd-4aeb-a21b-5c76354c2b00", "logger": "session_service", "level": "info", "timestamp": "2025-11-08T07:20:16.142550Z"}
2025-11-08 09:20:16,286 - session_service - INFO - send_enter:288 - {"event": "Sent ENTER in session 23f9f3b3-dbcd-4aeb-a21b-5c76354c2b00", "logger": "session_service", "level": "info", "timestamp": "2025-11-08T07:20:16.286661Z"}
2025-11-08 09:20:16,438 - session_service - INFO - send_enter:288 - {"event": "Sent ENTER in session 23f9f3b3-dbcd-4aeb-a21b-5c76354c2b00", "logger": "session_service", "level": "info", "timestamp": "2025-11-08T07:20:16.438572Z"}
2025-11-08 09:20:16,599 - session_service - INFO - send_enter:288 - {"event": "Sent ENTER in session 23f9f3b3-dbcd-4aeb-a21b-5c76354c2b00", "logger": "session_service", "level": "info", "timestamp": "2025-11-08T07:20:16.599046Z"}
2025-11-08 09:20:16,746 - session_service - INFO - send_enter:288 - {"event": "Sent ENTER in session 23f9f3b3-dbcd-4aeb-a21b-5c76354c2b00", "logger": "session_service", "level": "info", "timestamp": "2025-11-08T07:20:16.746822Z"}
2025-11-08 09:20:16,888 - session_service - INFO - send_enter:288 - {"event": "Sent ENTER in session 23f9f3b3-dbcd-4aeb-a21b-5c76354c2b00", "logger": "session_service", "level": "info", "timestamp": "2025-11-08T07:20:16.888779Z"}
2025-11-08 09:20:17,034 - session_service - INFO - send_enter:288 - {"event": "Sent ENTER in session 23f9f3b3-dbcd-4aeb-a21b-5c76354c2b00", "logger": "session_service", "level": "info", "timestamp": "2025-11-08T07:20:17.034836Z"}
2025-11-08 09:20:17,948 - session_service - INFO - send_enter:288 - {"event": "Sent ENTER in session 23f9f3b3-dbcd-4aeb-a21b-5c76354c2b00", "logger": "session_service", "level": "info", "timestamp": "2025-11-08T07:20:17.948930Z"}
2025-11-08 09:20:18,819 - core.application - INFO - _process_ai_query:424 - {"event": "Processing AI query: Please review the current device configuration and identify any potential issues, inconsistencies, or areas for improvement.", "logger": "core.application", "level": "info", "timestamp": "2025-11-08T07:20:18.819283Z"}
2025-11-08 09:20:18,822 - core.application - INFO - _process_ai_query:486 - {"event": "AI query processed successfully", "logger": "core.application", "level": "info", "timestamp": "2025-11-08T07:20:18.822046Z"}
2025-11-08 09:20:20,061 - core.application - INFO - _process_ai_query:424 - {"event": "Processing AI query: Please analyze the current network issue and provide troubleshooting steps. Include potential causes and solutions.", "logger": "core.application", "level": "info", "timestamp": "2025-11-08T07:20:20.061921Z"}
2025-11-08 09:20:20,063 - core.application - INFO - _process_ai_query:486 - {"event": "AI query processed successfully", "logger": "core.application", "level": "info", "timestamp": "2025-11-08T07:20:20.063490Z"}
2025-11-08 09:20:23,302 - core.application - INFO - _process_ai_query:424 - {"event": "Processing AI query: Provide best practices for the current network setup and configuration.", "logger": "core.application", "level": "info", "timestamp": "2025-11-08T07:20:23.301979Z"}
2025-11-08 09:20:23,303 - core.application - INFO - _process_ai_query:486 - {"event": "AI query processed successfully", "logger": "core.application", "level": "info", "timestamp": "2025-11-08T07:20:23.303259Z"}
2025-11-08 09:20:27,344 - session_service - INFO - send_enter:288 - {"event": "Sent ENTER in session 23f9f3b3-dbcd-4aeb-a21b-5c76354c2b00", "logger": "session_service", "level": "info", "timestamp": "2025-11-08T07:20:27.344747Z"}
2025-11-08 09:20:27,498 - session_service - INFO - send_enter:288 - {"event": "Sent ENTER in session 23f9f3b3-dbcd-4aeb-a21b-5c76354c2b00", "logger": "session_service", "level": "info", "timestamp": "2025-11-08T07:20:27.498700Z"}
2025-11-08 09:20:27,670 - session_service - INFO - send_enter:288 - {"event": "Sent ENTER in session 23f9f3b3-dbcd-4aeb-a21b-5c76354c2b00", "logger": "session_service", "level": "info", "timestamp": "2025-11-08T07:20:27.670875Z"}
2025-11-08 09:20:27,840 - session_service - INFO - send_enter:288 - {"event": "Sent ENTER in session 23f9f3b3-dbcd-4aeb-a21b-5c76354c2b00", "logger": "session_service", "level": "info", "timestamp": "2025-11-08T07:20:27.840789Z"}
2025-11-08 09:20:28,004 - session_service - INFO - send_enter:288 - {"event": "Sent ENTER in session 23f9f3b3-dbcd-4aeb-a21b-5c76354c2b00", "logger": "session_service", "level": "info", "timestamp": "2025-11-08T07:20:28.004657Z"}
2025-11-08 09:20:28,160 - session_service - INFO - send_enter:288 - {"event": "Sent ENTER in session 23f9f3b3-dbcd-4aeb-a21b-5c76354c2b00", "logger": "session_service", "level": "info", "timestamp": "2025-11-08T07:20:28.160709Z"}
2025-11-08 09:20:28,326 - session_service - INFO - send_enter:288 - {"event": "Sent ENTER in session 23f9f3b3-dbcd-4aeb-a21b-5c76354c2b00", "logger": "session_service", "level": "info", "timestamp": "2025-11-08T07:20:28.326441Z"}
2025-11-08 09:20:29,486 - session_service - INFO - send_enter:288 - {"event": "Sent ENTER in session 23f9f3b3-dbcd-4aeb-a21b-5c76354c2b00", "logger": "session_service", "level": "info", "timestamp": "2025-11-08T07:20:29.486832Z"}
2025-11-08 09:20:29,661 - session_service - INFO - send_enter:288 - {"event": "Sent ENTER in session 23f9f3b3-dbcd-4aeb-a21b-5c76354c2b00", "logger": "session_service", "level": "info", "timestamp": "2025-11-08T07:20:29.661010Z"}
2025-11-08 09:20:29,820 - session_service - INFO - send_enter:288 - {"event": "Sent ENTER in session 23f9f3b3-dbcd-4aeb-a21b-5c76354c2b00", "logger": "session_service", "level": "info", "timestamp": "2025-11-08T07:20:29.820869Z"}
2025-11-08 09:20:29,978 - session_service - INFO - send_enter:288 - {"event": "Sent ENTER in session 23f9f3b3-dbcd-4aeb-a21b-5c76354c2b00", "logger": "session_service", "level": "info", "timestamp": "2025-11-08T07:20:29.978757Z"}
2025-11-08 09:20:30,136 - session_service - INFO - send_enter:288 - {"event": "Sent ENTER in session 23f9f3b3-dbcd-4aeb-a21b-5c76354c2b00", "logger": "session_service", "level": "info", "timestamp": "2025-11-08T07:20:30.136586Z"}
2025-11-08 09:20:30,298 - session_service - INFO - send_enter:288 - {"event": "Sent ENTER in session 23f9f3b3-dbcd-4aeb-a21b-5c76354c2b00", "logger": "session_service", "level": "info", "timestamp": "2025-11-08T07:20:30.298936Z"}
2025-11-08 09:20:30,452 - session_service - INFO - send_enter:288 - {"event": "Sent ENTER in session 23f9f3b3-dbcd-4aeb-a21b-5c76354c2b00", "logger": "session_service", "level": "info", "timestamp": "2025-11-08T07:20:30.452956Z"}
2025-11-08 09:20:30,599 - session_service - INFO - send_enter:288 - {"event": "Sent ENTER in session 23f9f3b3-dbcd-4aeb-a21b-5c76354c2b00", "logger": "session_service", "level": "info", "timestamp": "2025-11-08T07:20:30.599566Z"}
2025-11-08 09:20:30,746 - session_service - INFO - send_enter:288 - {"event": "Sent ENTER in session 23f9f3b3-dbcd-4aeb-a21b-5c76354c2b00", "logger": "session_service", "level": "info", "timestamp": "2025-11-08T07:20:30.746606Z"}
2025-11-08 09:20:30,903 - session_service - INFO - send_enter:288 - {"event": "Sent ENTER in session 23f9f3b3-dbcd-4aeb-a21b-5c76354c2b00", "logger": "session_service", "level": "info", "timestamp": "2025-11-08T07:20:30.903861Z"}
2025-11-08 09:20:32,824 - core.application - INFO - closeEvent:516 - {"event": "Application closing...", "logger": "core.application", "level": "info", "timestamp": "2025-11-08T07:20:32.824748Z"}
2025-11-08 09:20:32,825 - core.application - INFO - closeEvent:542 - {"event": "Application closed successfully", "logger": "core.application", "level": "info", "timestamp": "2025-11-08T07:20:32.825128Z"}
2025-11-08 09:20:32,838 - core.application - INFO - _disconnect_device:221 - {"event": "Disconnecting from session 23f9f3b3-dbcd-4aeb-a21b-5c76354c2b00", "logger": "core.application", "level": "info", "timestamp": "2025-11-08T07:20:32.838234Z"}
2025-11-08 09:20:32,838 - serial_connection_COM7 - INFO - disconnect:381 - {"event": "Disconnecting from COM7", "logger": "serial_connection_COM7", "level": "info", "timestamp": "2025-11-08T07:20:32.838496Z"}
